<?xml version="1.0" encoding="UTF-8"?>
<!-- Generated by org.testng.reporters.JUnitReportReporter -->
<testsuite hostname="DESKTOP-ACLN3OR" name="com.AG.test.automation.testscripts.basic.LoginTest" tests="1" failures="0" timestamp="3 Feb 2020 06:53:42 GMT" time="35.668" errors="0">
  <testcase name="login" time="35.668" classname="com.AG.test.automation.testscripts.basic.LoginTest"/>
</testsuite> <!-- com.AG.test.automation.testscripts.basic.LoginTest -->
