<?xml version="1.0" encoding="UTF-8"?>
<!-- Generated by org.testng.reporters.JUnitReportReporter -->
<testsuite hostname="DESKTOP-ACLN3OR" name="com.AG.test.automation.testscripts.basic.RegistrationTest" tests="1" failures="0" timestamp="2 Feb 2020 06:21:52 GMT" time="6.628" errors="0">
  <testcase name="newRegistration" time="6.628" classname="com.AG.test.automation.testscripts.basic.RegistrationTest"/>
</testsuite> <!-- com.AG.test.automation.testscripts.basic.RegistrationTest -->
