<?xml version="1.0" encoding="UTF-8"?>
<!-- Generated by org.testng.reporters.JUnitReportReporter -->
<testsuite hostname="DESKTOP-ACLN3OR" name="com.AG.test.automation.testscripts.basic.ExampleTest" tests="3" failures="0" timestamp="29 Jan 2020 05:22:45 GMT" time="0.242" errors="0">
  <testcase name="ex2" time="0.001" classname="com.AG.test.automation.testscripts.basic.ExampleTest"/>
  <testcase name="ex1" time="0.240" classname="com.AG.test.automation.testscripts.basic.ExampleTest"/>
  <testcase name="ex3" time="0.001" classname="com.AG.test.automation.testscripts.basic.ExampleTest"/>
</testsuite> <!-- com.AG.test.automation.testscripts.basic.ExampleTest -->
