<?xml version="1.0" encoding="UTF-8"?>
<!-- Generated by org.testng.reporters.JUnitReportReporter -->
<testsuite skipped="0" hostname="DESKTOP-ACLN3OR" name="com.AG.test.automation.testscripts.basic.ExampleTest" tests="1" failures="0" timestamp="2020-01-31T20:18:07 IST" time="3.344" errors="1">
  <testcase name="ex1" time="3.344" classname="com.AG.test.automation.testscripts.basic.ExampleTest">
    <error type="java.lang.Error" message="Unresolved compilation problems: 
	Syntax error, insert &quot;VariableDeclarators&quot; to complete LocalVariableDeclaration
	Syntax error, insert &quot;;&quot; to complete BlockStatements
	getDriver cannot be resolved
">
      <![CDATA[java.lang.Error: Unresolved compilation problems: 
Syntax error, insert "VariableDeclarators" to complete LocalVariableDeclaration
Syntax error, insert ";" to complete BlockStatements
getDriver cannot be resolved

at com.AG.test.automation.testscripts.basic.ExampleTest.ex1(ExampleTest.java:16)
]]>
    </error>
  </testcase> <!-- ex1 -->
  <system-out/>
</testsuite> <!-- com.AG.test.automation.testscripts.basic.ExampleTest -->
