<?xml version="1.0" encoding="UTF-8"?>
<!-- Generated by org.testng.reporters.JUnitReportReporter -->
<testsuite skipped="0" hostname="DESKTOP-ACLN3OR" name="com.AG.test.automation.testscripts.basic.SearchCustomers" tests="1" failures="0" timestamp="2020-02-03T12:37:48 IST" time="50.558" errors="1">
  <testcase name="listCustomersWithSearch" time="50.558" classname="com.AG.test.automation.testscripts.basic.SearchCustomers">
    <error type="java.lang.IllegalStateException" message="Cannot get a STRING value from a NUMERIC cell">
      <![CDATA[java.lang.IllegalStateException: Cannot get a STRING value from a NUMERIC cell
at org.apache.poi.xssf.usermodel.XSSFCell.typeMismatch(XSSFCell.java:1035)
at org.apache.poi.xssf.usermodel.XSSFCell.getRichStringCellValue(XSSFCell.java:390)
at org.apache.poi.xssf.usermodel.XSSFCell.getStringCellValue(XSSFCell.java:342)
at com.AG.dataprovider.ExcelManager.ExcelRead(ExcelManager.java:24)
at com.AG.test.automation.testscripts.basic.SearchCustomers.listCustomersWithSearch(SearchCustomers.java:39)
]]>
    </error>
  </testcase> <!-- listCustomersWithSearch -->
  <system-out/>
</testsuite> <!-- com.AG.test.automation.testscripts.basic.SearchCustomers -->
