<?xml version="1.0" encoding="UTF-8"?>
<!-- Generated by org.testng.reporters.JUnitReportReporter -->
<testsuite skipped="0" hostname="DESKTOP-ACLN3OR" name="com.AG.test.automation.testscripts.basic.RegistrationTest" tests="1" failures="0" timestamp="2020-02-02T08:59:58 IST" time="5.453" errors="0">
  <testcase name="newRegistration" time="5.453" classname="com.AG.test.automation.testscripts.basic.RegistrationTest"/>
  <system-out/>
</testsuite> <!-- com.AG.test.automation.testscripts.basic.RegistrationTest -->
