<?xml version="1.0" encoding="UTF-8"?>
<!-- Generated by org.testng.reporters.JUnitReportReporter -->
<testsuite skipped="0" hostname="DESKTOP-ACLN3OR" name="com.AG.test.automation.testscripts.basic.LoginTest" tests="1" failures="0" timestamp="2020-02-03T12:37:48 IST" time="11.208" errors="0">
  <testcase name="login" time="11.208" classname="com.AG.test.automation.testscripts.basic.LoginTest"/>
  <system-out/>
</testsuite> <!-- com.AG.test.automation.testscripts.basic.LoginTest -->
